Detecting C compiler ABI info failed to compile with the following output:
Change Dir: /home/gustavo/Documents/UBA/DesarrolloDeAplicacionesParaIOT/TP/DAIoT_2022-Sensor_2/build/CMakeFiles/CMakeTmp

Run Build Command(s):/home/gustavo/.espressif/tools/ninja/1.10.2/ninja cmTC_1eee2 && ninja: error: unknown target 'cmTC_1eee2'




Detecting C compiler ABI info failed to compile with the following output:
Change Dir: /home/gustavo/Documents/UBA/DesarrolloDeAplicacionesParaIOT/TP/DAIoT_2022-Sensor_2/build/CMakeFiles/CMakeTmp

Run Build Command(s):/home/gustavo/.espressif/tools/ninja/1.10.2/ninja cmTC_06d44 && [1/2] Building C object CMakeFiles/cmTC_06d44.dir/CMakeCCompilerABI.c.obj
FAILED: CMakeFiles/cmTC_06d44.dir/CMakeCCompilerABI.c.obj 
/home/gustavo/.espressif/tools/xtensa-esp32-elf/esp-2021r2-patch3-8.4.0/xtensa-esp32-elf/bin/xtensa-esp32-elf-gcc   -mlongcalls -Wno-frame-address    -v -o CMakeFiles/cmTC_06d44.dir/CMakeCCompilerABI.c.obj -c /home/gustavo/.espressif/tools/cmake/3.20.3/share/cmake-3.20/Modules/CMakeCCompilerABI.c
Using built-in specs.
COLLECT_GCC=/home/gustavo/.espressif/tools/xtensa-esp32-elf/esp-2021r2-patch3-8.4.0/xtensa-esp32-elf/bin/xtensa-esp32-elf-gcc
Target: xtensa-esp32-elf
Configured with: /builds/idf/crosstool-NG/.build/xtensa-esp32-elf/src/gcc/configure --build=x86_64-build_pc-linux-gnu --host=x86_64-build_pc-linux-gnu --target=xtensa-esp32-elf --prefix=/builds/idf/crosstool-NG/builds/xtensa-esp32-elf --with-local-prefix=/builds/idf/crosstool-NG/builds/xtensa-esp32-elf/xtensa-esp32-elf --with-headers=/builds/idf/crosstool-NG/builds/xtensa-esp32-elf/xtensa-esp32-elf/include --with-newlib --enable-threads=no --disable-shared --with-pkgversion='crosstool-NG esp-2021r2-patch3' --disable-__cxa_atexit --enable-cxx-flags=-ffunction-sections --disable-libgomp --disable-libmudflap --disable-libmpx --disable-libssp --disable-libquadmath --disable-libquadmath-support --with-gmp=/builds/idf/crosstool-NG/.build/xtensa-esp32-elf/buildtools --with-mpfr=/builds/idf/crosstool-NG/.build/xtensa-esp32-elf/buildtools --with-mpc=/builds/idf/crosstool-NG/.build/xtensa-esp32-elf/buildtools --with-isl=/builds/idf/crosstool-NG/.build/xtensa-esp32-elf/buildtools --enable-lto --enable-target-optspace --without-long-double-128 --disable-nls --enable-multiarch --enable-languages=c,c++ --disable-libstdcxx-verbose --enable-threads=posix --enable-gcov-custom-rtio --enable-libstdcxx-time=yes
Thread model: posix
gcc version 8.4.0 (crosstool-NG esp-2021r2-patch3) 
COLLECT_GCC_OPTIONS='-mlongcalls' '-Wno-frame-address' '-v' '-o' 'CMakeFiles/cmTC_06d44.dir/CMakeCCompilerABI.c.obj' '-c'
 /home/gustavo/.espressif/tools/xtensa-esp32-elf/esp-2021r2-patch3-8.4.0/xtensa-esp32-elf/bin/../libexec/gcc/xtensa-esp32-elf/8.4.0/cc1 -quiet -v -iprefix /home/gustavo/.espressif/tools/xtensa-esp32-elf/esp-2021r2-patch3-8.4.0/xtensa-esp32-elf/bin/../lib/gcc/xtensa-esp32-elf/8.4.0/ /home/gustavo/.espressif/tools/cmake/3.20.3/share/cmake-3.20/Modules/CMakeCCompilerABI.c -quiet -dumpbase CMakeCCompilerABI.c -mlongcalls -auxbase-strip CMakeFiles/cmTC_06d44.dir/CMakeCCompilerABI.c.obj -Wno-frame-address -version -o /tmp/ccMepfyX.s
GNU C17 (crosstool-NG esp-2021r2-patch3) version 8.4.0 (xtensa-esp32-elf)
	compiled by GNU C version 4.9.2, GMP version 6.2.0, MPFR version 4.0.2, MPC version 1.1.0, isl version isl-0.19-GMP

GGC heuristics: --param ggc-min-expand=100 --param ggc-min-heapsize=131072
ignoring duplicate directory "/home/gustavo/.espressif/tools/xtensa-esp32-elf/esp-2021r2-patch3-8.4.0/xtensa-esp32-elf/bin/../lib/gcc/../../lib/gcc/xtensa-esp32-elf/8.4.0/include"
ignoring duplicate directory "/home/gustavo/.espressif/tools/xtensa-esp32-elf/esp-2021r2-patch3-8.4.0/xtensa-esp32-elf/bin/../lib/gcc/../../lib/gcc/xtensa-esp32-elf/8.4.0/include-fixed"
ignoring duplicate directory "/home/gustavo/.espressif/tools/xtensa-esp32-elf/esp-2021r2-patch3-8.4.0/xtensa-esp32-elf/bin/../lib/gcc/../../lib/gcc/xtensa-esp32-elf/8.4.0/../../../../xtensa-esp32-elf/sys-include"
ignoring duplicate directory "/home/gustavo/.espressif/tools/xtensa-esp32-elf/esp-2021r2-patch3-8.4.0/xtensa-esp32-elf/bin/../lib/gcc/../../lib/gcc/xtensa-esp32-elf/8.4.0/../../../../xtensa-esp32-elf/include"
#include "..." search starts here:
#include <...> search starts here:
 /home/gustavo/.espressif/tools/xtensa-esp32-elf/esp-2021r2-patch3-8.4.0/xtensa-esp32-elf/bin/../lib/gcc/xtensa-esp32-elf/8.4.0/include
 /home/gustavo/.espressif/tools/xtensa-esp32-elf/esp-2021r2-patch3-8.4.0/xtensa-esp32-elf/bin/../lib/gcc/xtensa-esp32-elf/8.4.0/include-fixed
 /home/gustavo/.espressif/tools/xtensa-esp32-elf/esp-2021r2-patch3-8.4.0/xtensa-esp32-elf/bin/../lib/gcc/xtensa-esp32-elf/8.4.0/../../../../xtensa-esp32-elf/sys-include
 /home/gustavo/.espressif/tools/xtensa-esp32-elf/esp-2021r2-patch3-8.4.0/xtensa-esp32-elf/bin/../lib/gcc/xtensa-esp32-elf/8.4.0/../../../../xtensa-esp32-elf/include
End of search list.
GNU C17 (crosstool-NG esp-2021r2-patch3) version 8.4.0 (xtensa-esp32-elf)
	compiled by GNU C version 4.9.2, GMP version 6.2.0, MPFR version 4.0.2, MPC version 1.1.0, isl version isl-0.19-GMP

GGC heuristics: --param ggc-min-expand=100 --param ggc-min-heapsize=131072
Compiler executable checksum: c3744c9816bd541680fbfd57aa4f14f0
COLLECT_GCC_OPTIONS='-mlongcalls' '-Wno-frame-address' '-v' '-o' 'CMakeFiles/cmTC_06d44.dir/CMakeCCompilerABI.c.obj' '-c'
 /home/gustavo/.espressif/tools/xtensa-esp32-elf/esp-2021r2-patch3-8.4.0/xtensa-esp32-elf/bin/../lib/gcc/xtensa-esp32-elf/8.4.0/../../../../xtensa-esp32-elf/bin/as --traditional-format --longcalls -o CMakeFiles/cmTC_06d44.dir/CMakeCCompilerABI.c.obj /tmp/ccMepfyX.s
Assembler messages:
Fatal error: can't create CMakeFiles/cmTC_06d44.dir/CMakeCCompilerABI.c.obj: No such file or directory
ninja: build stopped: subcommand failed.




Detecting CXX compiler ABI info failed to compile with the following output:
Change Dir: /home/gustavo/Documents/UBA/DesarrolloDeAplicacionesParaIOT/TP/DAIoT_2022-Sensor_2/build/CMakeFiles/CMakeTmp

Run Build Command(s):/home/gustavo/.espressif/tools/ninja/1.10.2/ninja cmTC_04168 && ninja: error: unknown target 'cmTC_04168'




Detecting CXX compiler ABI info failed to compile with the following output:
Change Dir: /home/gustavo/Documents/UBA/DesarrolloDeAplicacionesParaIOT/TP/DAIoT_2022-Sensor_2/build/CMakeFiles/CMakeTmp

Run Build Command(s):/home/gustavo/.espressif/tools/ninja/1.10.2/ninja cmTC_0f6e4 && ninja: error: unknown target 'cmTC_0f6e4'




